SET_PARAMETER number_of_stages_using_block_ram_for_data_and_phase_factors 9
SET_PARAMETER target_clock_frequency 80
SET_PARAMETER ce true
SET_PARAMETER butterfly_type use_luts
SET_PARAMETER memory_options_phase_factors block_ram
SET_PARAMETER memory_options_data block_ram
SET_PARAMETER phase_factor_width 14
SET_PARAMETER memory_options_reorder block_ram
SET_PARAMETER ovflo false
SET_PARAMETER implementation_options pipelined_streaming_io
SET_PARAMETER target_data_throughput 50
SET_PARAMETER memory_options_hybrid false
SET_PARAMETER data_format fixed_point
SET_PARAMETER cyclic_prefix_insertion false
SET_PARAMETER component_name FFT
SET_PARAMETER output_ordering natural_order
SET_PARAMETER sclr false
SET_PARAMETER channels 1
SET_PARAMETER input_data_offset no_offset
SET_PARAMETER run_time_configurable_transform_length true
SET_PARAMETER input_width 14
SET_PARAMETER complex_mult_type use_luts
SET_PARAMETER scaling_options unscaled
SET_PARAMETER rounding_modes convergent_rounding
SET_PARAMETER transform_length 65536
SET_ERROR_CODE 2
SET_ERROR_MSG  CANCEL: Customization cancelled.
SET_ERROR_TEXT Finished initializing IP model.	
