INFO:sim:172 - Generating IP...
Resolving generics for 'CORDIC_sqrt'...
Applying external generics to 'CORDIC_sqrt'...
Delivering associated files for 'CORDIC_sqrt'...
Generating implementation netlist for 'CORDIC_sqrt'...
INFO:sim - Pre-processing HDL files for 'CORDIC_sqrt'...
Running synthesis for 'CORDIC_sqrt'
Running ngcbuild...
Writing VHO instantiation template for 'CORDIC_sqrt'...
Writing VHDL behavioral simulation model for 'CORDIC_sqrt'...
Delivered 2 files into directory
C:/Users/JM/Xilinx/Projekty/FFT/SOURCES/CORDIC_IP_sqrt/tmp/_cg/CORDIC_sqrt
Generating ASY schematic symbol...
INFO:sim:949 - Finished generation of ASY schematic symbol.
Generating SYM schematic symbol for 'CORDIC_sqrt'...
Generating metadata file...
Generating ISE project...
XCO file found: CORDIC_sqrt.xco
XMDF file found: CORDIC_sqrt_xmdf.tcl
Adding
C:/Users/JM/Xilinx/Projekty/FFT/SOURCES/CORDIC_IP_sqrt/tmp/_cg/CORDIC_sqrt.asy
-view all -origin_type imported
Adding
C:/Users/JM/Xilinx/Projekty/FFT/SOURCES/CORDIC_IP_sqrt/tmp/_cg/CORDIC_sqrt.ngc
-view all -origin_type created
Checking file
"C:/Users/JM/Xilinx/Projekty/FFT/SOURCES/CORDIC_IP_sqrt/tmp/_cg/CORDIC_sqrt.ngc"
for project device match ...
File
"C:/Users/JM/Xilinx/Projekty/FFT/SOURCES/CORDIC_IP_sqrt/tmp/_cg/CORDIC_sqrt.ngc"
device information matches project device.
Adding
C:/Users/JM/Xilinx/Projekty/FFT/SOURCES/CORDIC_IP_sqrt/tmp/_cg/CORDIC_sqrt.sym
-view all -origin_type imported
Adding
C:/Users/JM/Xilinx/Projekty/FFT/SOURCES/CORDIC_IP_sqrt/tmp/_cg/CORDIC_sqrt.vhd
-view all -origin_type created
INFO:HDLCompiler:1061 - Parsing VHDL file
   "C:/Users/JM/Xilinx/Projekty/FFT/SOURCES/CORDIC_IP_sqrt/tmp/_cg/CORDIC_sqrt.v
   hd" into library work
INFO:ProjectMgmt - Parsing design hierarchy completed successfully.
Adding
C:/Users/JM/Xilinx/Projekty/FFT/SOURCES/CORDIC_IP_sqrt/tmp/_cg/CORDIC_sqrt.vho
-view all -origin_type imported
INFO:TclTasksC:2116 - The automatic calculation of top has been turned-off.
   Please set the new top explicitly by running the "project set top" command.
   To re-calculate the new top automatically, set the "Auto Implementation Top"
   property to true.
Top level has been set to "/CORDIC_sqrt"
Generating README file...
Generating FLIST file...
INFO:sim:948 - Finished FLIST file generation.
Launching README viewer...
Moving files to output directory...
Finished moving files to output directory
Wrote CGP file for project 'CORDIC_sqrt'.
